# JRE version: OpenJDK Runtime Environment (11.0.2+9) (build 11.0.2+9)
# Java VM: OpenJDK 64-Bit Server VM (11.0.2+9, mixed mode, tiered, compressed oops, g1 gc, windows-amd64)
Heap:
 garbage-first heap   total 155648K, used 106714K [0x0000000080000000, 0x0000000100000000)
  region size 1024K, 13 young (13312K), 3 survivors (3072K)
 Metaspace       used 99306K, capacity 101768K, committed 101840K, reserved 1138688K
  class space    used 12509K, capacity 13383K, committed 13440K, reserved 1048576K
GC Heap History (10 events):
Event: 154.701 GC heap before
{Heap before GC invocations=29 (full 0):
 garbage-first heap   total 155648K, used 123035K [0x0000000080000000, 0x0000000100000000)
  region size 1024K, 38 young (38912K), 5 survivors (5120K)
 Metaspace       used 93664K, capacity 95949K, committed 96080K, reserved 1132544K
  class space    used 11762K, capacity 12539K, committed 12544K, reserved 1048576K
}
Event: 154.712 GC heap after
{Heap after GC invocations=30 (full 0):
 garbage-first heap   total 155648K, used 96313K [0x0000000080000000, 0x0000000100000000)
  region size 1024K, 5 young (5120K), 5 survivors (5120K)
 Metaspace       used 93664K, capacity 95949K, committed 96080K, reserved 1132544K
  class space    used 11762K, capacity 12539K, committed 12544K, reserved 1048576K
}
Event: 154.717 GC heap before
{Heap before GC invocations=30 (full 0):
 garbage-first heap   total 155648K, used 98361K [0x0000000080000000, 0x0000000100000000)
  region size 1024K, 7 young (7168K), 5 survivors (5120K)
 Metaspace       used 93698K, capacity 96013K, committed 96080K, reserved 1132544K
  class space    used 11765K, capacity 12539K, committed 12544K, reserved 1048576K
}
Event: 154.722 GC heap after
{Heap after GC invocations=31 (full 0):
 garbage-first heap   total 155648K, used 95946K [0x0000000080000000, 0x0000000100000000)
  region size 1024K, 1 young (1024K), 1 survivors (1024K)
 Metaspace       used 93698K, capacity 96013K, committed 96080K, reserved 1132544K
  class space    used 11765K, capacity 12539K, committed 12544K, reserved 1048576K
}
Event: 155.059 GC heap before
{Heap before GC invocations=31 (full 0):
 garbage-first heap   total 155648K, used 123594K [0x0000000080000000, 0x0000000100000000)
  region size 1024K, 29 young (29696K), 1 survivors (1024K)
 Metaspace       used 96603K, capacity 98933K, committed 99152K, reserved 1136640K
  class space    used 12239K, capacity 13049K, committed 13056K, reserved 1048576K
}
Event: 155.065 GC heap after
{Heap after GC invocations=32 (full 0):
 garbage-first heap   total 155648K, used 98920K [0x0000000080000000, 0x0000000100000000)
  region size 1024K, 4 young (4096K), 4 survivors (4096K)
 Metaspace       used 96603K, capacity 98933K, committed 99152K, reserved 1136640K
  class space    used 12239K, capacity 13049K, committed 13056K, reserved 1048576K
}
Event: 155.412 GC heap before
{Heap before GC invocations=33 (full 0):
 garbage-first heap   total 155648K, used 125544K [0x0000000080000000, 0x0000000100000000)
  region size 1024K, 31 young (31744K), 4 survivors (4096K)
 Metaspace       used 98425K, capacity 100815K, committed 100944K, reserved 1136640K
  class space    used 12448K, capacity 13281K, committed 13312K, reserved 1048576K
}
Event: 155.418 GC heap after
{Heap after GC invocations=34 (full 0):
 garbage-first heap   total 155648K, used 100278K [0x0000000080000000, 0x0000000100000000)
  region size 1024K, 2 young (2048K), 2 survivors (2048K)
 Metaspace       used 98425K, capacity 100815K, committed 100944K, reserved 1136640K
  class space    used 12448K, capacity 13281K, committed 13312K, reserved 1048576K
}
Event: 155.439 GC heap before
{Heap before GC invocations=34 (full 0):
 garbage-first heap   total 155648K, used 105398K [0x0000000080000000, 0x0000000100000000)
  region size 1024K, 7 young (7168K), 2 survivors (2048K)
 Metaspace       used 98452K, capacity 100897K, committed 100944K, reserved 1136640K
  class space    used 12451K, capacity 13287K, committed 13312K, reserved 1048576K
}
Event: 155.445 GC heap after
{Heap after GC invocations=35 (full 0):
 garbage-first heap   total 155648K, used 95730K [0x0000000080000000, 0x0000000100000000)
  region size 1024K, 1 young (1024K), 1 survivors (1024K)
 Metaspace       used 98452K, capacity 100897K, committed 100944K, reserved 1136640K
  class space    used 12451K, capacity 13287K, committed 13312K, reserved 1048576K
}

