# JRE version: OpenJDK Runtime Environment (11.0.2+9) (build 11.0.2+9)
# Java VM: OpenJDK 64-Bit Server VM (11.0.2+9, mixed mode, tiered, compressed oops, g1 gc, windows-amd64)
Heap:
 garbage-first heap   total 155648K, used 81230K [0x0000000080000000, 0x0000000100000000)
  region size 1024K, 2 young (2048K), 2 survivors (2048K)
 Metaspace       used 85268K, capacity 87423K, committed 87708K, reserved 1126400K
  class space    used 10996K, capacity 11744K, committed 11852K, reserved 1048576K
GC Heap History (10 events):
Event: 120.343 GC heap after
{Heap after GC invocations=51 (full 0):
 garbage-first heap   total 129024K, used 80412K [0x0000000080000000, 0x0000000100000000)
  region size 1024K, 1 young (1024K), 1 survivors (1024K)
 Metaspace       used 85136K, capacity 87281K, committed 87452K, reserved 1124352K
  class space    used 10980K, capacity 11740K, committed 11852K, reserved 1048576K
}
Event: 120.793 GC heap before
{Heap before GC invocations=51 (full 0):
 garbage-first heap   total 129024K, used 110108K [0x0000000080000000, 0x0000000100000000)
  region size 1024K, 30 young (30720K), 1 survivors (1024K)
 Metaspace       used 85214K, capacity 87351K, committed 87708K, reserved 1126400K
  class space    used 10994K, capacity 11742K, committed 11852K, reserved 1048576K
}
Event: 120.795 GC heap after
{Heap after GC invocations=52 (full 0):
 garbage-first heap   total 129024K, used 80716K [0x0000000080000000, 0x0000000100000000)
  region size 1024K, 1 young (1024K), 1 survivors (1024K)
 Metaspace       used 85214K, capacity 87351K, committed 87708K, reserved 1126400K
  class space    used 10994K, capacity 11742K, committed 11852K, reserved 1048576K
}
Event: 120.976 GC heap before
{Heap before GC invocations=53 (full 0):
 garbage-first heap   total 129024K, used 110412K [0x0000000080000000, 0x0000000100000000)
  region size 1024K, 30 young (30720K), 1 survivors (1024K)
 Metaspace       used 85225K, capacity 87415K, committed 87708K, reserved 1126400K
  class space    used 10994K, capacity 11742K, committed 11852K, reserved 1048576K
}
Event: 120.977 GC heap after
{Heap after GC invocations=54 (full 0):
 garbage-first heap   total 129024K, used 80605K [0x0000000080000000, 0x0000000100000000)
  region size 1024K, 1 young (1024K), 1 survivors (1024K)
 Metaspace       used 85225K, capacity 87415K, committed 87708K, reserved 1126400K
  class space    used 10994K, capacity 11742K, committed 11852K, reserved 1048576K
}
Event: 121.085 GC heap before
{Heap before GC invocations=54 (full 0):
 garbage-first heap   total 129024K, used 110301K [0x0000000080000000, 0x0000000100000000)
  region size 1024K, 30 young (30720K), 1 survivors (1024K)
 Metaspace       used 85236K, capacity 87417K, committed 87708K, reserved 1126400K
  class space    used 10995K, capacity 11742K, committed 11852K, reserved 1048576K
}
Event: 121.088 GC heap after
{Heap after GC invocations=55 (full 0):
 garbage-first heap   total 129024K, used 81414K [0x0000000080000000, 0x0000000100000000)
  region size 1024K, 2 young (2048K), 2 survivors (2048K)
 Metaspace       used 85236K, capacity 87417K, committed 87708K, reserved 1126400K
  class space    used 10995K, capacity 11742K, committed 11852K, reserved 1048576K
}
Event: 121.244 GC heap before
{Heap before GC invocations=55 (full 0):
 garbage-first heap   total 129024K, used 111110K [0x0000000080000000, 0x0000000100000000)
  region size 1024K, 31 young (31744K), 2 survivors (2048K)
 Metaspace       used 85265K, capacity 87422K, committed 87708K, reserved 1126400K
  class space    used 10996K, capacity 11744K, committed 11852K, reserved 1048576K
}
Event: 121.247 GC heap after
{Heap after GC invocations=56 (full 0):
 garbage-first heap   total 129024K, used 80974K [0x0000000080000000, 0x0000000100000000)
  region size 1024K, 2 young (2048K), 2 survivors (2048K)
 Metaspace       used 85265K, capacity 87422K, committed 87708K, reserved 1126400K
  class space    used 10996K, capacity 11744K, committed 11852K, reserved 1048576K
}
Event: 121.339 GC heap before
{Heap before GC invocations=57 (full 0):
 garbage-first heap   total 129024K, used 110670K [0x0000000080000000, 0x0000000100000000)
  region size 1024K, 31 young (31744K), 2 survivors (2048K)
 Metaspace       used 85268K, capacity 87423K, committed 87708K, reserved 1126400K
  class space    used 10996K, capacity 11744K, committed 11852K, reserved 1048576K
}

