# JRE version: OpenJDK Runtime Environment (11.0.2+9) (build 11.0.2+9)
# Java VM: OpenJDK 64-Bit Server VM (11.0.2+9, mixed mode, tiered, compressed oops, g1 gc, windows-amd64)
Heap:
 garbage-first heap   total 129024K, used 94854K [0x0000000080000000, 0x0000000100000000)
  region size 1024K, 21 young (21504K), 1 survivors (1024K)
 Metaspace       used 82432K, capacity 84594K, committed 84764K, reserved 1122304K
  class space    used 10407K, capacity 11143K, committed 11212K, reserved 1048576K
GC Heap History (10 events):
Event: 101.548 GC heap before
{Heap before GC invocations=22 (full 0):
 garbage-first heap   total 129024K, used 106493K [0x0000000080000000, 0x0000000100000000)
  region size 1024K, 40 young (40960K), 5 survivors (5120K)
 Metaspace       used 78667K, capacity 80739K, committed 81052K, reserved 1120256K
  class space    used 10003K, capacity 10705K, committed 10828K, reserved 1048576K
}
Event: 101.560 GC heap after
{Heap after GC invocations=23 (full 0):
 garbage-first heap   total 129024K, used 73085K [0x0000000080000000, 0x0000000100000000)
  region size 1024K, 5 young (5120K), 5 survivors (5120K)
 Metaspace       used 78667K, capacity 80739K, committed 81052K, reserved 1120256K
  class space    used 10003K, capacity 10705K, committed 10828K, reserved 1048576K
}
Event: 102.870 GC heap before
{Heap before GC invocations=24 (full 0):
 garbage-first heap   total 129024K, used 105853K [0x0000000080000000, 0x0000000100000000)
  region size 1024K, 38 young (38912K), 5 survivors (5120K)
 Metaspace       used 79066K, capacity 81090K, committed 81564K, reserved 1120256K
  class space    used 9970K, capacity 10646K, committed 10828K, reserved 1048576K
}
Event: 102.881 GC heap after
{Heap after GC invocations=25 (full 0):
 garbage-first heap   total 129024K, used 76437K [0x0000000080000000, 0x0000000100000000)
  region size 1024K, 4 young (4096K), 4 survivors (4096K)
 Metaspace       used 79066K, capacity 81090K, committed 81564K, reserved 1120256K
  class space    used 9970K, capacity 10646K, committed 10828K, reserved 1048576K
}
Event: 103.058 GC heap before
{Heap before GC invocations=25 (full 0):
 garbage-first heap   total 129024K, used 78485K [0x0000000080000000, 0x0000000100000000)
  region size 1024K, 7 young (7168K), 4 survivors (4096K)
 Metaspace       used 79194K, capacity 81221K, committed 81564K, reserved 1120256K
  class space    used 9985K, capacity 10647K, committed 10828K, reserved 1048576K
}
Event: 103.063 GC heap after
{Heap after GC invocations=26 (full 0):
 garbage-first heap   total 129024K, used 77231K [0x0000000080000000, 0x0000000100000000)
  region size 1024K, 1 young (1024K), 1 survivors (1024K)
 Metaspace       used 79194K, capacity 81221K, committed 81564K, reserved 1120256K
  class space    used 9985K, capacity 10647K, committed 10828K, reserved 1048576K
}
Event: 105.417 GC heap before
{Heap before GC invocations=27 (full 0):
 garbage-first heap   total 129024K, used 114095K [0x0000000080000000, 0x0000000100000000)
  region size 1024K, 29 young (29696K), 1 survivors (1024K)
 Metaspace       used 80379K, capacity 82375K, committed 82588K, reserved 1122304K
  class space    used 10108K, capacity 10764K, committed 10828K, reserved 1048576K
}
Event: 105.421 GC heap after
{Heap after GC invocations=28 (full 0):
 garbage-first heap   total 129024K, used 77600K [0x0000000080000000, 0x0000000100000000)
  region size 1024K, 2 young (2048K), 2 survivors (2048K)
 Metaspace       used 80379K, capacity 82375K, committed 82588K, reserved 1122304K
  class space    used 10108K, capacity 10764K, committed 10828K, reserved 1048576K
}
Event: 105.710 GC heap before
{Heap before GC invocations=28 (full 0):
 garbage-first heap   total 129024K, used 80672K [0x0000000080000000, 0x0000000100000000)
  region size 1024K, 6 young (6144K), 2 survivors (2048K)
 Metaspace       used 80493K, capacity 82535K, committed 82588K, reserved 1122304K
  class space    used 10127K, capacity 10776K, committed 10828K, reserved 1048576K
}
Event: 105.713 GC heap after
{Heap after GC invocations=29 (full 0):
 garbage-first heap   total 129024K, used 76422K [0x0000000080000000, 0x0000000100000000)
  region size 1024K, 1 young (1024K), 1 survivors (1024K)
 Metaspace       used 80493K, capacity 82535K, committed 82588K, reserved 1122304K
  class space    used 10127K, capacity 10776K, committed 10828K, reserved 1048576K
}

